[30-Mar-2017 20:26:32 UTC] PHP Parse error:  syntax error, unexpected ']' in /home/ubuntu/workspace/player/index.php on line 3
[30-Mar-2017 20:44:22 UTC] PHP Warning:  require_once(includes/database.php): failed to open stream: No such file or directory in /home/ubuntu/workspace/player/index.php on line 2
[30-Mar-2017 20:44:22 UTC] PHP Stack trace:
[30-Mar-2017 20:44:22 UTC] PHP   1. {main}() /home/ubuntu/workspace/player/index.php:0
[30-Mar-2017 20:44:22 UTC] PHP Fatal error:  require_once(): Failed opening required 'includes/database.php' (include_path='.:/usr/share/php:/usr/share/pear') in /home/ubuntu/workspace/player/index.php on line 2
[30-Mar-2017 20:44:22 UTC] PHP Stack trace:
[30-Mar-2017 20:44:22 UTC] PHP   1. {main}() /home/ubuntu/workspace/player/index.php:0
[01-Apr-2017 00:25:45 UTC] PHP Fatal error:  Call to a member function fetch_all() on a non-object in /home/ubuntu/workspace/includes/database.php on line 52
[01-Apr-2017 00:25:45 UTC] PHP Stack trace:
[01-Apr-2017 00:25:45 UTC] PHP   1. {main}() /home/ubuntu/workspace/player/index.php:0
[01-Apr-2017 00:25:45 UTC] PHP   2. Database::get_player_name() /home/ubuntu/workspace/player/index.php:6
[01-Apr-2017 00:27:01 UTC] PHP Fatal error:  Call to a member function fetch_all() on a non-object in /home/ubuntu/workspace/includes/database.php on line 53
[01-Apr-2017 00:27:01 UTC] PHP Stack trace:
[01-Apr-2017 00:27:01 UTC] PHP   1. {main}() /home/ubuntu/workspace/player/index.php:0
[01-Apr-2017 00:27:01 UTC] PHP   2. Database::get_player_name() /home/ubuntu/workspace/player/index.php:6
[01-Apr-2017 02:18:41 UTC] PHP Parse error:  syntax error, unexpected '<', expecting '(' in /home/ubuntu/workspace/player/index.php on line 41
[01-Apr-2017 02:22:18 UTC] PHP Parse error:  syntax error, unexpected '<', expecting '(' in /home/ubuntu/workspace/player/index.php on line 41
[01-Apr-2017 03:54:23 UTC] PHP Parse error:  syntax error, unexpected 'public' (T_PUBLIC), expecting ';' or '{' in /home/ubuntu/workspace/includes/database.php on line 40
[01-Apr-2017 03:54:23 UTC] PHP Stack trace:
[01-Apr-2017 03:54:23 UTC] PHP   1. {main}() /home/ubuntu/workspace/player/index.php:0
[01-Apr-2017 04:04:39 UTC] PHP Warning:  require_once(../includes/helpers.php): failed to open stream: No such file or directory in /home/ubuntu/workspace/player/index.php on line 3
[01-Apr-2017 04:04:39 UTC] PHP Stack trace:
[01-Apr-2017 04:04:39 UTC] PHP   1. {main}() /home/ubuntu/workspace/player/index.php:0
[01-Apr-2017 04:04:39 UTC] PHP Fatal error:  require_once(): Failed opening required '../includes/helpers.php' (include_path='.:/usr/share/php:/usr/share/pear') in /home/ubuntu/workspace/player/index.php on line 3
[01-Apr-2017 04:04:39 UTC] PHP Stack trace:
[01-Apr-2017 04:04:39 UTC] PHP   1. {main}() /home/ubuntu/workspace/player/index.php:0
